1732169056.716194 client started (165407): version 3.5a, socket /tmp/tmux-1000/default, protocol 8
1732169056.716231 on Linux 6.11.3-arch1-Adashima-T2-1-t2 #1 SMP PREEMPT_DYNAMIC Sat, 12 Oct 2024 16:06:01 +0000
1732169056.716238 using libevent 2.1.12-stable poll
1732169056.716244 using ncurses 6.5 20240427
1732169056.716280 flags are 0x10010000
1732169056.716298 socket is /tmp/tmux-1000/default
1732169056.716310 trying connect
1732169056.716396 add peer 0x65176b5a31f0: 6 ((nil))
1732169056.716830 sending message 111 to peer 0x65176b5a31f0 (8 bytes)
1732169056.716845 sending message 111 to peer 0x65176b5a31f0 (8 bytes)
1732169056.716850 sending message 101 to peer 0x65176b5a31f0 (16 bytes)
1732169056.716855 sending message 109 to peer 0x65176b5a31f0 (4 bytes)
1732169056.716860 sending message 102 to peer 0x65176b5a31f0 (11 bytes)
1732169056.716866 sending message 108 to peer 0x65176b5a31f0 (26 bytes)
1732169056.716871 sending message 112 to peer 0x65176b5a31f0 (70 bytes)
1732169056.716877 sending message 112 to peer 0x65176b5a31f0 (5 bytes)
1732169056.716883 sending message 112 to peer 0x65176b5a31f0 (5 bytes)
1732169056.716889 sending message 112 to peer 0x65176b5a31f0 (6 bytes)
1732169056.716896 sending message 112 to peer 0x65176b5a31f0 (6 bytes)
1732169056.716900 sending message 112 to peer 0x65176b5a31f0 (11 bytes)
1732169056.716905 sending message 112 to peer 0x65176b5a31f0 (10 bytes)
1732169056.716911 sending message 112 to peer 0x65176b5a31f0 (13 bytes)
1732169056.717005 sending message 112 to peer 0x65176b5a31f0 (13 bytes)
1732169056.717014 sending message 112 to peer 0x65176b5a31f0 (18 bytes)
1732169056.717021 sending message 112 to peer 0x65176b5a31f0 (11 bytes)
1732169056.717027 sending message 112 to peer 0x65176b5a31f0 (21 bytes)
1732169056.717034 sending message 112 to peer 0x65176b5a31f0 (13 bytes)
1732169056.717041 sending message 112 to peer 0x65176b5a31f0 (7 bytes)
1732169056.717047 sending message 112 to peer 0x65176b5a31f0 (13 bytes)
1732169056.717053 sending message 112 to peer 0x65176b5a31f0 (7 bytes)
1732169056.717059 sending message 112 to peer 0x65176b5a31f0 (13 bytes)
1732169056.717064 sending message 112 to peer 0x65176b5a31f0 (9 bytes)
1732169056.717069 sending message 112 to peer 0x65176b5a31f0 (21 bytes)
1732169056.717075 sending message 112 to peer 0x65176b5a31f0 (13 bytes)
1732169056.717079 sending message 112 to peer 0x65176b5a31f0 (8 bytes)
1732169056.717086 sending message 112 to peer 0x65176b5a31f0 (12 bytes)
1732169056.717091 sending message 112 to peer 0x65176b5a31f0 (13 bytes)
1732169056.717095 sending message 112 to peer 0x65176b5a31f0 (9 bytes)
1732169056.717099 sending message 112 to peer 0x65176b5a31f0 (9 bytes)
1732169056.717103 sending message 112 to peer 0x65176b5a31f0 (12 bytes)
1732169056.717107 sending message 112 to peer 0x65176b5a31f0 (8 bytes)
1732169056.717112 sending message 112 to peer 0x65176b5a31f0 (7 bytes)
1732169056.717116 sending message 112 to peer 0x65176b5a31f0 (7 bytes)
1732169056.717120 sending message 112 to peer 0x65176b5a31f0 (9 bytes)
1732169056.717125 sending message 112 to peer 0x65176b5a31f0 (13 bytes)
1732169056.717129 sending message 112 to peer 0x65176b5a31f0 (9 bytes)
1732169056.717133 sending message 112 to peer 0x65176b5a31f0 (15 bytes)
1732169056.717137 sending message 112 to peer 0x65176b5a31f0 (13 bytes)
1732169056.717141 sending message 112 to peer 0x65176b5a31f0 (12 bytes)
1732169056.717145 sending message 112 to peer 0x65176b5a31f0 (8 bytes)
1732169056.717150 sending message 112 to peer 0x65176b5a31f0 (14 bytes)
1732169056.717154 sending message 112 to peer 0x65176b5a31f0 (9 bytes)
1732169056.717159 sending message 112 to peer 0x65176b5a31f0 (10 bytes)
1732169056.717163 sending message 112 to peer 0x65176b5a31f0 (10 bytes)
1732169056.717167 sending message 112 to peer 0x65176b5a31f0 (10 bytes)
1732169056.717172 sending message 112 to peer 0x65176b5a31f0 (10 bytes)
1732169056.717176 sending message 112 to peer 0x65176b5a31f0 (11 bytes)
1732169056.717181 sending message 112 to peer 0x65176b5a31f0 (10 bytes)
1732169056.717185 sending message 112 to peer 0x65176b5a31f0 (8 bytes)
1732169056.717202 sending message 112 to peer 0x65176b5a31f0 (11 bytes)
1732169056.717207 sending message 112 to peer 0x65176b5a31f0 (11 bytes)
1732169056.717213 sending message 112 to peer 0x65176b5a31f0 (11 bytes)
1732169056.717220 sending message 112 to peer 0x65176b5a31f0 (8 bytes)
1732169056.717225 sending message 112 to peer 0x65176b5a31f0 (8 bytes)
1732169056.717232 sending message 112 to peer 0x65176b5a31f0 (8 bytes)
1732169056.717238 sending message 112 to peer 0x65176b5a31f0 (10 bytes)
1732169056.717242 sending message 112 to peer 0x65176b5a31f0 (10 bytes)
1732169056.717247 sending message 112 to peer 0x65176b5a31f0 (10 bytes)
1732169056.717252 sending message 112 to peer 0x65176b5a31f0 (10 bytes)
1732169056.717256 sending message 112 to peer 0x65176b5a31f0 (10 bytes)
1732169056.717261 sending message 112 to peer 0x65176b5a31f0 (11 bytes)
1732169056.717266 sending message 112 to peer 0x65176b5a31f0 (11 bytes)
1732169056.717272 sending message 112 to peer 0x65176b5a31f0 (10 bytes)
1732169056.717278 sending message 112 to peer 0x65176b5a31f0 (9 bytes)
1732169056.717282 sending message 112 to peer 0x65176b5a31f0 (9 bytes)
1732169056.717288 sending message 112 to peer 0x65176b5a31f0 (12 bytes)
1732169056.717293 sending message 112 to peer 0x65176b5a31f0 (9 bytes)
1732169056.717297 sending message 112 to peer 0x65176b5a31f0 (6 bytes)
1732169056.717301 sending message 112 to peer 0x65176b5a31f0 (13 bytes)
1732169056.717305 sending message 112 to peer 0x65176b5a31f0 (8 bytes)
1732169056.717310 sending message 112 to peer 0x65176b5a31f0 (15 bytes)
1732169056.717314 sending message 112 to peer 0x65176b5a31f0 (13 bytes)
1732169056.717319 sending message 112 to peer 0x65176b5a31f0 (70 bytes)
1732169056.717323 sending message 112 to peer 0x65176b5a31f0 (69 bytes)
1732169056.717328 sending message 112 to peer 0x65176b5a31f0 (10 bytes)
1732169056.717332 sending message 112 to peer 0x65176b5a31f0 (8 bytes)
1732169056.717337 sending message 112 to peer 0x65176b5a31f0 (15 bytes)
1732169056.717341 sending message 112 to peer 0x65176b5a31f0 (13 bytes)
1732169056.717346 sending message 112 to peer 0x65176b5a31f0 (10 bytes)
1732169056.717350 sending message 112 to peer 0x65176b5a31f0 (10 bytes)
1732169056.717354 sending message 112 to peer 0x65176b5a31f0 (5 bytes)
1732169056.717359 sending message 112 to peer 0x65176b5a31f0 (15 bytes)
1732169056.717365 sending message 104 to peer 0x65176b5a31f0 (0 bytes)
1732169056.717370 sending message 110 to peer 0x65176b5a31f0 (0 bytes)
1732169056.717376 sending message 107 to peer 0x65176b5a31f0 (4 bytes)
1732169056.717381 sending message 105 to peer 0x65176b5a31f0 (50 bytes)
1732169056.717386 sending message 105 to peer 0x65176b5a31f0 (47 bytes)
1732169056.717390 sending message 105 to peer 0x65176b5a31f0 (21 bytes)
1732169056.717395 sending message 105 to peer 0x65176b5a31f0 (16 bytes)
1732169056.717399 sending message 105 to peer 0x65176b5a31f0 (63 bytes)
1732169056.717403 sending message 105 to peer 0x65176b5a31f0 (20 bytes)
1732169056.717409 sending message 105 to peer 0x65176b5a31f0 (54 bytes)
1732169056.717413 sending message 105 to peer 0x65176b5a31f0 (50 bytes)
1732169056.717418 sending message 105 to peer 0x65176b5a31f0 (32 bytes)
1732169056.717423 sending message 105 to peer 0x65176b5a31f0 (75 bytes)
1732169056.717427 sending message 105 to peer 0x65176b5a31f0 (25 bytes)
1732169056.717432 sending message 105 to peer 0x65176b5a31f0 (11 bytes)
1732169056.717437 sending message 105 to peer 0x65176b5a31f0 (12 bytes)
1732169056.717441 sending message 105 to peer 0x65176b5a31f0 (25 bytes)
1732169056.717447 sending message 105 to peer 0x65176b5a31f0 (23 bytes)
1732169056.717451 sending message 105 to peer 0x65176b5a31f0 (17 bytes)
1732169056.717456 sending message 105 to peer 0x65176b5a31f0 (27 bytes)
1732169056.717460 sending message 105 to peer 0x65176b5a31f0 (23 bytes)
1732169056.717465 sending message 105 to peer 0x65176b5a31f0 (109 bytes)
1732169056.717470 sending message 105 to peer 0x65176b5a31f0 (16 bytes)
1732169056.717474 sending message 105 to peer 0x65176b5a31f0 (73 bytes)
1732169056.717485 sending message 105 to peer 0x65176b5a31f0 (68 bytes)
1732169056.717491 sending message 105 to peer 0x65176b5a31f0 (65 bytes)
1732169056.717496 sending message 105 to peer 0x65176b5a31f0 (141 bytes)
1732169056.717501 sending message 105 to peer 0x65176b5a31f0 (66 bytes)
1732169056.717505 sending message 105 to peer 0x65176b5a31f0 (12 bytes)
1732169056.717510 sending message 105 to peer 0x65176b5a31f0 (60 bytes)
1732169056.717515 sending message 105 to peer 0x65176b5a31f0 (57 bytes)
1732169056.717520 sending message 105 to peer 0x65176b5a31f0 (64 bytes)
1732169056.717525 sending message 105 to peer 0x65176b5a31f0 (18 bytes)
1732169056.717529 sending message 105 to peer 0x65176b5a31f0 (22 bytes)
1732169056.717534 sending message 105 to peer 0x65176b5a31f0 (50 bytes)
1732169056.717538 sending message 105 to peer 0x65176b5a31f0 (38 bytes)
1732169056.717543 sending message 105 to peer 0x65176b5a31f0 (16 bytes)
1732169056.717547 sending message 105 to peer 0x65176b5a31f0 (60 bytes)
1732169056.717552 sending message 105 to peer 0x65176b5a31f0 (18 bytes)
1732169056.717556 sending message 105 to peer 0x65176b5a31f0 (17 bytes)
1732169056.717561 sending message 105 to peer 0x65176b5a31f0 (23 bytes)
1732169056.717565 sending message 105 to peer 0x65176b5a31f0 (30 bytes)
1732169056.717570 sending message 105 to peer 0x65176b5a31f0 (27 bytes)
1732169056.717575 sending message 105 to peer 0x65176b5a31f0 (24 bytes)
1732169056.717578 sending message 105 to peer 0x65176b5a31f0 (20 bytes)
1732169056.717583 sending message 105 to peer 0x65176b5a31f0 (23 bytes)
1732169056.717587 sending message 105 to peer 0x65176b5a31f0 (21 bytes)
1732169056.717592 sending message 105 to peer 0x65176b5a31f0 (25 bytes)
1732169056.717596 sending message 105 to peer 0x65176b5a31f0 (20 bytes)
1732169056.717601 sending message 105 to peer 0x65176b5a31f0 (24 bytes)
1732169056.717605 sending message 105 to peer 0x65176b5a31f0 (24 bytes)
1732169056.717608 sending message 105 to peer 0x65176b5a31f0 (21 bytes)
1732169056.717613 sending message 105 to peer 0x65176b5a31f0 (21 bytes)
1732169056.717617 sending message 105 to peer 0x65176b5a31f0 (25 bytes)
1732169056.717622 sending message 105 to peer 0x65176b5a31f0 (21 bytes)
1732169056.717627 sending message 105 to peer 0x65176b5a31f0 (26 bytes)
1732169056.717631 sending message 105 to peer 0x65176b5a31f0 (15 bytes)
1732169056.717636 sending message 105 to peer 0x65176b5a31f0 (28 bytes)
1732169056.717640 sending message 105 to peer 0x65176b5a31f0 (15 bytes)
1732169056.717645 sending message 105 to peer 0x65176b5a31f0 (15 bytes)
1732169056.717649 sending message 105 to peer 0x65176b5a31f0 (21 bytes)
1732169056.717654 sending message 105 to peer 0x65176b5a31f0 (20 bytes)
1732169056.717658 sending message 105 to peer 0x65176b5a31f0 (12 bytes)
1732169056.717664 sending message 105 to peer 0x65176b5a31f0 (1070 bytes)
1732169056.717693 sending message 105 to peer 0x65176b5a31f0 (30 bytes)
1732169056.717697 sending message 105 to peer 0x65176b5a31f0 (30 bytes)
1732169056.717702 sending message 105 to peer 0x65176b5a31f0 (28 bytes)
1732169056.717706 sending message 105 to peer 0x65176b5a31f0 (27 bytes)
1732169056.717710 sending message 105 to peer 0x65176b5a31f0 (38 bytes)
1732169056.717715 sending message 105 to peer 0x65176b5a31f0 (64 bytes)
1732169056.717719 sending message 105 to peer 0x65176b5a31f0 (52 bytes)
1732169056.717724 sending message 105 to peer 0x65176b5a31f0 (15 bytes)
1732169056.717728 sending message 105 to peer 0x65176b5a31f0 (8 bytes)
1732169056.717733 sending message 105 to peer 0x65176b5a31f0 (21 bytes)
1732169056.717738 sending message 105 to peer 0x65176b5a31f0 (33 bytes)
1732169056.717742 sending message 105 to peer 0x65176b5a31f0 (18 bytes)
1732169056.717747 sending message 105 to peer 0x65176b5a31f0 (26 bytes)
1732169056.717751 sending message 105 to peer 0x65176b5a31f0 (36 bytes)
1732169056.717756 sending message 105 to peer 0x65176b5a31f0 (45 bytes)
1732169056.717761 sending message 105 to peer 0x65176b5a31f0 (13 bytes)
1732169056.717766 sending message 105 to peer 0x65176b5a31f0 (60 bytes)
1732169056.717775 sending message 105 to peer 0x65176b5a31f0 (12 bytes)
1732169056.717781 sending message 105 to peer 0x65176b5a31f0 (26 bytes)
1732169056.717785 sending message 105 to peer 0x65176b5a31f0 (20 bytes)
1732169056.717790 sending message 105 to peer 0x65176b5a31f0 (29 bytes)
1732169056.717794 sending message 105 to peer 0x65176b5a31f0 (121 bytes)
1732169056.717799 sending message 105 to peer 0x65176b5a31f0 (31 bytes)
1732169056.717804 sending message 105 to peer 0x65176b5a31f0 (15 bytes)
1732169056.717809 sending message 105 to peer 0x65176b5a31f0 (52 bytes)
1732169056.717813 sending message 105 to peer 0x65176b5a31f0 (23 bytes)
1732169056.717818 sending message 105 to peer 0x65176b5a31f0 (29 bytes)
1732169056.717823 sending message 105 to peer 0x65176b5a31f0 (17 bytes)
1732169056.717828 sending message 105 to peer 0x65176b5a31f0 (58 bytes)
1732169056.717832 sending message 105 to peer 0x65176b5a31f0 (25 bytes)
1732169056.717837 sending message 105 to peer 0x65176b5a31f0 (11 bytes)
1732169056.717842 sending message 105 to peer 0x65176b5a31f0 (14 bytes)
1732169056.717846 sending message 105 to peer 0x65176b5a31f0 (19 bytes)
1732169056.717851 sending message 105 to peer 0x65176b5a31f0 (21 bytes)
1732169056.717855 sending message 105 to peer 0x65176b5a31f0 (32 bytes)
1732169056.717860 sending message 105 to peer 0x65176b5a31f0 (59 bytes)
1732169056.717864 sending message 105 to peer 0x65176b5a31f0 (47 bytes)
1732169056.717869 sending message 105 to peer 0x65176b5a31f0 (14 bytes)
1732169056.717873 sending message 105 to peer 0x65176b5a31f0 (15 bytes)
1732169056.717878 sending message 105 to peer 0x65176b5a31f0 (80 bytes)
1732169056.717883 sending message 105 to peer 0x65176b5a31f0 (51 bytes)
1732169056.717887 sending message 105 to peer 0x65176b5a31f0 (39 bytes)
1732169056.717891 sending message 105 to peer 0x65176b5a31f0 (16 bytes)
1732169056.717896 sending message 105 to peer 0x65176b5a31f0 (30 bytes)
1732169056.717900 sending message 105 to peer 0x65176b5a31f0 (24 bytes)
1732169056.717904 sending message 105 to peer 0x65176b5a31f0 (20 bytes)
1732169056.717909 sending message 105 to peer 0x65176b5a31f0 (344 bytes)
1732169056.717914 sending message 105 to peer 0x65176b5a31f0 (1008 bytes)
1732169056.717921 sending message 105 to peer 0x65176b5a31f0 (197 bytes)
1732169056.717926 sending message 105 to peer 0x65176b5a31f0 (70 bytes)
1732169056.717930 sending message 105 to peer 0x65176b5a31f0 (10 bytes)
1732169056.717935 sending message 106 to peer 0x65176b5a31f0 (0 bytes)
1732169056.718070 sending message 200 to peer 0x65176b5a31f0 (4 bytes)
1732169056.718077 client loop enter
1732169056.720484 peer 0x65176b5a31f0 message 303
1732169056.720503 open write file 2 -
1732169056.720513 sending message 305 to peer 0x65176b5a31f0 (8 bytes)
1732169056.720537 write check file 2
1732169056.720663 peer 0x65176b5a31f0 message 304
1732169056.720668 write 58 to file 2
1732169056.720679 peer 0x65176b5a31f0 message 203
1732169056.720685 file 2 58 bytes left
1732169056.720734 write check file 2
1732169056.720740 client loop exit
